<?xml version="1.0" encoding="UTF-8"?>
<!-- Generated by org.testng.reporters.JUnitReportReporter -->
<testsuite skipped="0" hostname="DESKTOP-S9D1FK5" name="com.qa.tests.GetAPITest" tests="2" failures="0" timestamp="2022-01-08T19:40:27 IST" time="1.372" errors="0">
  <testcase name="getAPITestWithHeader" time="1.150" classname="com.qa.tests.GetAPITest"/>
  <system-out/>
  <testcase name="getAPITest" time="0.222" classname="com.qa.tests.GetAPITest"/>
  <system-out/>
</testsuite> <!-- com.qa.tests.GetAPITest -->
