<?xml version="1.0" encoding="UTF-8"?>
<!-- Generated by org.testng.reporters.JUnitReportReporter -->
<testsuite skipped="0" hostname="DESKTOP-S9D1FK5" name="com.qa.tests.PostAPITest" tests="1" failures="0" timestamp="2022-01-09T13:34:51 IST" time="1.992" errors="0">
  <testcase name="postAPI" time="1.992" classname="com.qa.tests.PostAPITest"/>
  <system-out/>
</testsuite> <!-- com.qa.tests.PostAPITest -->
